<?xml version="1.0" encoding="UTF-8"?>
<!-- Generated by org.testng.reporters.JUnitReportReporter -->
<testsuite hostname="DESKTOP-COBP555" failures="0" tests="3" name="TestSuites.TestCases" time="39.547" errors="0" timestamp="2022-07-05T13:00:09 IST" skipped="0">
  <testcase classname="TestSuites.TestCases" name="carwash" time="13.796"/>
  <system-out/>
  <testcase classname="TestSuites.TestCases" name="listing" time="13.373"/>
  <system-out/>
  <testcase classname="TestSuites.TestCases" name="retrieve" time="12.378"/>
  <system-out/>
</testsuite> <!-- TestSuites.TestCases -->
